<?xml version="1.0" encoding="UTF-8"?>
<testsuite xmlns:xsi="http://www.w3.org/2001/XMLSchema-instance" xsi:noNamespaceSchemaLocation="https://maven.apache.org/surefire/maven-surefire-plugin/xsd/surefire-test-report-3.0.xsd" version="3.0" name="com.automation.test.RunnerTest" time="102.688" tests="42" errors="2" skipped="8" failures="0">
  <properties>
    <property name="sun.desktop" value="windows"/>
    <property name="awt.toolkit" value="sun.awt.windows.WToolkit"/>
    <property name="java.specification.version" value="11"/>
    <property name="sun.cpu.isalist" value="amd64"/>
    <property name="sun.jnu.encoding" value="Cp1252"/>
    <property name="java.class.path" value="C:\Program Files\JetBrains\IntelliJ IDEA Community Edition 2021.1.1\plugins\maven\lib\maven3\boot\plexus-classworlds-2.6.0.jar;C:\Program Files\JetBrains\IntelliJ IDEA Community Edition 2021.1.1\plugins\maven\lib\maven3\boot\plexus-classworlds.license"/>
    <property name="java.vm.vendor" value="Oracle Corporation"/>
    <property name="sun.arch.data.model" value="64"/>
    <property name="user.variant" value=""/>
    <property name="java.vendor.url" value="https://openjdk.java.net/"/>
    <property name="user.timezone" value="Europe/Berlin"/>
    <property name="user.country.format" value="NL"/>
    <property name="maven.conf" value="C:\Program Files\JetBrains\IntelliJ IDEA Community Edition 2021.1.1\plugins\maven\lib\maven3/conf"/>
    <property name="os.name" value="Windows 10"/>
    <property name="java.vm.specification.version" value="11"/>
    <property name="sun.java.launcher" value="SUN_STANDARD"/>
    <property name="user.country" value="US"/>
    <property name="sun.boot.library.path" value="C:\Program Files\Java\jdk-11.0.9\bin"/>
    <property name="sun.java.command" value="org.codehaus.classworlds.Launcher -Didea.version=2021.1.1 install"/>
    <property name="jdk.debug" value="release"/>
    <property name="maven.home" value="C:\Program Files\JetBrains\IntelliJ IDEA Community Edition 2021.1.1\plugins\maven\lib\maven3"/>
    <property name="surefire.test.class.path" value="C:\Users\pnl03b9x\Downloads\Backup\Raktim_Backup\Raktim\Personal\NewJob\Adidas\Addidas\TestAssignment\target\test-classes;C:\Users\pnl03b9x\Downloads\Backup\Raktim_Backup\Raktim\Personal\NewJob\Adidas\Addidas\TestAssignment\target\classes;C:\Users\pnl03b9x\.m2\repository\org\seleniumhq\selenium\selenium-java\2.53.0\selenium-java-2.53.0.jar;C:\Users\pnl03b9x\.m2\repository\org\seleniumhq\selenium\selenium-chrome-driver\2.53.0\selenium-chrome-driver-2.53.0.jar;C:\Users\pnl03b9x\.m2\repository\org\seleniumhq\selenium\selenium-remote-driver\2.53.0\selenium-remote-driver-2.53.0.jar;C:\Users\pnl03b9x\.m2\repository\cglib\cglib-nodep\2.1_3\cglib-nodep-2.1_3.jar;C:\Users\pnl03b9x\.m2\repository\org\seleniumhq\selenium\selenium-api\2.53.0\selenium-api-2.53.0.jar;C:\Users\pnl03b9x\.m2\repository\org\apache\httpcomponents\httpclient\4.5.1\httpclient-4.5.1.jar;C:\Users\pnl03b9x\.m2\repository\org\apache\httpcomponents\httpcore\4.4.3\httpcore-4.4.3.jar;C:\Users\pnl03b9x\.m2\repository\commons-logging\commons-logging\1.2\commons-logging-1.2.jar;C:\Users\pnl03b9x\.m2\repository\com\google\guava\guava\19.0\guava-19.0.jar;C:\Users\pnl03b9x\.m2\repository\org\seleniumhq\selenium\selenium-edge-driver\2.53.0\selenium-edge-driver-2.53.0.jar;C:\Users\pnl03b9x\.m2\repository\org\apache\commons\commons-exec\1.3\commons-exec-1.3.jar;C:\Users\pnl03b9x\.m2\repository\org\seleniumhq\selenium\selenium-firefox-driver\2.53.0\selenium-firefox-driver-2.53.0.jar;C:\Users\pnl03b9x\.m2\repository\org\seleniumhq\selenium\selenium-ie-driver\2.53.0\selenium-ie-driver-2.53.0.jar;C:\Users\pnl03b9x\.m2\repository\net\java\dev\jna\jna\4.1.0\jna-4.1.0.jar;C:\Users\pnl03b9x\.m2\repository\net\java\dev\jna\jna-platform\4.1.0\jna-platform-4.1.0.jar;C:\Users\pnl03b9x\.m2\repository\org\seleniumhq\selenium\selenium-safari-driver\2.53.0\selenium-safari-driver-2.53.0.jar;C:\Users\pnl03b9x\.m2\repository\io\netty\netty\3.5.7.Final\netty-3.5.7.Final.jar;C:\Users\pnl03b9x\.m2\repository\org\seleniumhq\selenium\selenium-support\2.53.0\selenium-support-2.53.0.jar;C:\Users\pnl03b9x\.m2\repository\org\seleniumhq\selenium\selenium-leg-rc\2.53.0\selenium-leg-rc-2.53.0.jar;C:\Users\pnl03b9x\.m2\repository\info\cukes\cucumber-java\1.2.4\cucumber-java-1.2.4.jar;C:\Users\pnl03b9x\.m2\repository\info\cukes\cucumber-core\1.2.4\cucumber-core-1.2.4.jar;C:\Users\pnl03b9x\.m2\repository\info\cukes\cucumber-html\0.2.3\cucumber-html-0.2.3.jar;C:\Users\pnl03b9x\.m2\repository\info\cukes\cucumber-jvm-deps\1.0.5\cucumber-jvm-deps-1.0.5.jar;C:\Users\pnl03b9x\.m2\repository\info\cukes\gherkin\2.12.2\gherkin-2.12.2.jar;C:\Users\pnl03b9x\.m2\repository\info\cukes\cucumber-junit\1.2.4\cucumber-junit-1.2.4.jar;C:\Users\pnl03b9x\.m2\repository\junit\junit\4.11\junit-4.11.jar;C:\Users\pnl03b9x\.m2\repository\org\hamcrest\hamcrest-core\1.3\hamcrest-core-1.3.jar;C:\Users\pnl03b9x\.m2\repository\net\masterthought\cucumber-reporting\2.2.0\cucumber-reporting-2.2.0.jar;C:\Users\pnl03b9x\.m2\repository\org\apache\logging\log4j\log4j-api\2.5\log4j-api-2.5.jar;C:\Users\pnl03b9x\.m2\repository\org\apache\logging\log4j\log4j-core\2.5\log4j-core-2.5.jar;C:\Users\pnl03b9x\.m2\repository\com\google\code\gson\gson\2.6.2\gson-2.6.2.jar;C:\Users\pnl03b9x\.m2\repository\org\apache\velocity\velocity\1.7\velocity-1.7.jar;C:\Users\pnl03b9x\.m2\repository\commons-collections\commons-collections\3.2.1\commons-collections-3.2.1.jar;C:\Users\pnl03b9x\.m2\repository\commons-lang\commons-lang\2.4\commons-lang-2.4.jar;C:\Users\pnl03b9x\.m2\repository\velocity-tools\velocity-tools\1.4\velocity-tools-1.4.jar;C:\Users\pnl03b9x\.m2\repository\joda-time\joda-time\2.9.3\joda-time-2.9.3.jar;C:\Users\pnl03b9x\.m2\repository\org\apache\commons\commons-lang3\3.4\commons-lang3-3.4.jar;C:\Users\pnl03b9x\.m2\repository\commons-io\commons-io\2.4\commons-io-2.4.jar;C:\Users\pnl03b9x\.m2\repository\net\lingala\zip4j\zip4j\1.3.2\zip4j-1.3.2.jar;C:\Users\pnl03b9x\.m2\repository\org\codehaus\plexus\plexus-utils\3.0.22\plexus-utils-3.0.22.jar;C:\Users\pnl03b9x\.m2\repository\org\jsoup\jsoup\1.8.3\jsoup-1.8.3.jar;C:\Users\pnl03b9x\.m2\repository\log4j\log4j\1.2.17\log4j-1.2.17.jar;C:\Users\pnl03b9x\.m2\repository\org\apache\poi\poi-ooxml\3.8-beta4\poi-ooxml-3.8-beta4.jar;C:\Users\pnl03b9x\.m2\repository\org\apache\poi\poi-ooxml-schemas\3.8-beta4\poi-ooxml-schemas-3.8-beta4.jar;C:\Users\pnl03b9x\.m2\repository\org\apache\xmlbeans\xmlbeans\2.3.0\xmlbeans-2.3.0.jar;C:\Users\pnl03b9x\.m2\repository\stax\stax-api\1.0.1\stax-api-1.0.1.jar;C:\Users\pnl03b9x\.m2\repository\dom4j\dom4j\1.6.1\dom4j-1.6.1.jar;C:\Users\pnl03b9x\.m2\repository\xml-apis\xml-apis\1.0.b2\xml-apis-1.0.b2.jar;C:\Users\pnl03b9x\.m2\repository\org\apache\poi\poi\3.9\poi-3.9.jar;C:\Users\pnl03b9x\.m2\repository\commons-codec\commons-codec\1.5\commons-codec-1.5.jar;"/>
    <property name="sun.cpu.endian" value="little"/>
    <property name="user.home" value="C:\Users\pnl03b9x"/>
    <property name="user.language" value="en"/>
    <property name="java.specification.vendor" value="Oracle Corporation"/>
    <property name="java.version.date" value="2020-10-20"/>
    <property name="java.home" value="C:\Program Files\Java\jdk-11.0.9"/>
    <property name="file.separator" value="\"/>
    <property name="basedir" value="C:\Users\pnl03b9x\Downloads\Backup\Raktim_Backup\Raktim\Personal\NewJob\Adidas\Addidas\TestAssignment"/>
    <property name="java.vm.compressedOopsMode" value="Zero based"/>
    <property name="line.separator" value="&#10;"/>
    <property name="java.specification.name" value="Java Platform API Specification"/>
    <property name="java.vm.specification.vendor" value="Oracle Corporation"/>
    <property name="java.awt.graphicsenv" value="sun.awt.Win32GraphicsEnvironment"/>
    <property name="user.script" value=""/>
    <property name="sun.management.compiler" value="HotSpot 64-Bit Tiered Compilers"/>
    <property name="java.runtime.version" value="11.0.9+7-LTS"/>
    <property name="user.name" value="pnl03b9x"/>
    <property name="path.separator" value=";"/>
    <property name="os.version" value="10.0"/>
    <property name="java.runtime.name" value="Java(TM) SE Runtime Environment"/>
    <property name="file.encoding" value="UTF-8"/>
    <property name="guice.disable.misplaced.annotation.check" value="true"/>
    <property name="java.vm.name" value="Java HotSpot(TM) 64-Bit Server VM"/>
    <property name="java.vendor.version" value="18.9"/>
    <property name="maven.ext.class.path" value="C:\Program Files\JetBrains\IntelliJ IDEA Community Edition 2021.1.1\plugins\maven\lib\maven-event-listener.jar"/>
    <property name="localRepository" value="C:\Users\pnl03b9x\.m2\repository"/>
    <property name="java.vendor.url.bug" value="https://bugreport.java.com/bugreport/"/>
    <property name="java.io.tmpdir" value="C:\Users\pnl03b9x\AppData\Local\Temp\"/>
    <property name="idea.version" value="2021.1.1"/>
    <property name="java.version" value="11.0.9"/>
    <property name="user.dir" value="C:\Users\pnl03b9x\Downloads\Backup\Raktim_Backup\Raktim\Personal\NewJob\Adidas\Addidas\TestAssignment"/>
    <property name="os.arch" value="amd64"/>
    <property name="maven.multiModuleProjectDirectory" value="C:\Users\pnl03b9x\Downloads\Backup\Raktim_Backup\Raktim\Personal\NewJob\Adidas\Addidas\TestAssignment"/>
    <property name="java.vm.specification.name" value="Java Virtual Machine Specification"/>
    <property name="java.awt.printerjob" value="sun.awt.windows.WPrinterJob"/>
    <property name="user.language.format" value="nl"/>
    <property name="sun.os.patch.level" value=""/>
    <property name="java.library.path" value="C:\Program Files\Java\jdk-11.0.9\bin;C:\WINDOWS\Sun\Java\bin;C:\WINDOWS\system32;C:\WINDOWS;C:\Program Files\Common Files\Oracle\Java\javapath;C:\Program Files (x86)\Common Files\Oracle\Java\javapath;C:\WINDOWS\system32;C:\WINDOWS;C:\WINDOWS\System32\Wbem;C:\WINDOWS\System32\WindowsPowerShell\v1.0\;C:\WINDOWS\System32\OpenSSH\;C:\Program Files\nodejs\;C:\Users\pnl03b9x\AppData\Local\Programs\Python\Python39\Scripts\;C:\Users\pnl03b9x\AppData\Local\Programs\Python\Python39\;C:\Users\pnl03b9x\AppData\Local\Microsoft\WindowsApps;C:\Users\pnl03b9x\AppData\Local\Programs\Git\cmd;C:\Program Files\JetBrains\IntelliJ IDEA Community Edition 2020.3\bin;;C:\Users\pnl03b9x\AppData\Roaming\npm;C:\Users\pnl03b9x\AppData\Local\Programs\Microsoft VS Code\bin;C:\Users\pnl03b9x\AppData\Local\GitHubDesktop\bin;."/>
    <property name="java.vendor" value="Oracle Corporation"/>
    <property name="java.vm.info" value="mixed mode"/>
    <property name="java.vm.version" value="11.0.9+7-LTS"/>
    <property name="classworlds.conf" value="C:\Program Files\JetBrains\IntelliJ IDEA Community Edition 2021.1.1\plugins\maven\lib\maven3\bin\m2.conf"/>
    <property name="sun.io.unicode.encoding" value="UnicodeLittle"/>
    <property name="java.class.version" value="55.0"/>
  </properties>
  <testcase name="Given User is on the desired page" classname="| tomsmith | SuperSecretPassword! |" time="0.001">
    <system-err><![CDATA[Starting ChromeDriver 89.0.4389.23 (61b08ee2c50024bab004e48d2b1b083cdbdac579-refs/branch-heads/4389@{#294}) on port 10400
Only local connections are allowed.
Please see https://chromedriver.chromium.org/security-considerations for suggestions on keeping ChromeDriver safe.
ChromeDriver was started successfully.
[1621265500.084][WARNING]: Deprecated chrome option is ignored: useAutomationExtension
[1621265501.366][WARNING]: This version of ChromeDriver has not been tested with Chrome version 90.
]]></system-err>
  </testcase>
  <testcase name="Then User clicks on the &quot;Form Authentication&quot; link" classname="| tomsmith | SuperSecretPassword! |" time="0">
    <system-out><![CDATA[the link is Form Authentication
]]></system-out>
  </testcase>
  <testcase name="And Provide &quot;tomsmith&quot; and &quot;SuperSecretPassword!&quot;" classname="| tomsmith | SuperSecretPassword! |" time="0">
    <system-out><![CDATA[Username istomsmithPassword is SuperSecretPassword!
]]></system-out>
  </testcase>
  <testcase name="Then Verify successful login" classname="| tomsmith | SuperSecretPassword! |" time="0">
    <system-out><![CDATA[2021-05-17 17:31:48,970 [main] INFO  (com.automation.test.StepDefinition:343:verify_successful_login) - Successful Login
]]></system-out>
  </testcase>
  <testcase name="" classname="| tomsmith | SuperSecretPassword! |" time="3.433"/>
  <testcase name="Given User is on the desired page" classname="| tomsmith | testfail |" time="0">
    <system-err><![CDATA[Starting ChromeDriver 89.0.4389.23 (61b08ee2c50024bab004e48d2b1b083cdbdac579-refs/branch-heads/4389@{#294}) on port 1819
Only local connections are allowed.
Please see https://chromedriver.chromium.org/security-considerations for suggestions on keeping ChromeDriver safe.
ChromeDriver was started successfully.
[1621265513.336][WARNING]: Deprecated chrome option is ignored: useAutomationExtension
[1621265514.698][WARNING]: This version of ChromeDriver has not been tested with Chrome version 90.
]]></system-err>
  </testcase>
  <testcase name="Then User clicks on the &quot;Form Authentication&quot; link" classname="| tomsmith | testfail |" time="0">
    <system-out><![CDATA[the link is Form Authentication
]]></system-out>
  </testcase>
  <testcase name="And Provide &quot;tomsmith&quot; and &quot;testfail&quot;" classname="| tomsmith | testfail |" time="0">
    <system-out><![CDATA[Username istomsmithPassword is testfail
]]></system-out>
  </testcase>
  <testcase name="Then Verify successful login" classname="| tomsmith | testfail |" time="0">
    <system-out><![CDATA[Login ErrorYour password is invalid!
×
2021-05-17 17:32:00,705 [main] INFO  (com.automation.test.StepDefinition:349:verify_successful_login) - Your password is invalid!
×
]]></system-out>
  </testcase>
  <testcase name="" classname="| tomsmith | testfail |" time="2.234"/>
  <testcase name="Given User is on the desired page" classname="| test | test |" time="0">
    <system-err><![CDATA[Starting ChromeDriver 89.0.4389.23 (61b08ee2c50024bab004e48d2b1b083cdbdac579-refs/branch-heads/4389@{#294}) on port 11235
Only local connections are allowed.
Please see https://chromedriver.chromium.org/security-considerations for suggestions on keeping ChromeDriver safe.
ChromeDriver was started successfully.
[1621265524.052][WARNING]: Deprecated chrome option is ignored: useAutomationExtension
[1621265525.589][WARNING]: This version of ChromeDriver has not been tested with Chrome version 90.
]]></system-err>
  </testcase>
  <testcase name="Then User clicks on the &quot;Form Authentication&quot; link" classname="| test | test |" time="0">
    <system-out><![CDATA[the link is Form Authentication
]]></system-out>
  </testcase>
  <testcase name="And Provide &quot;test&quot; and &quot;test&quot;" classname="| test | test |" time="0">
    <system-out><![CDATA[Username istestPassword is test
]]></system-out>
  </testcase>
  <testcase name="Then Verify successful login" classname="| test | test |" time="0">
    <system-out><![CDATA[Login ErrorYour username is invalid!
×
2021-05-17 17:32:11,937 [main] INFO  (com.automation.test.StepDefinition:349:verify_successful_login) - Your username is invalid!
×
]]></system-out>
  </testcase>
  <testcase name="" classname="| test | test |" time="3.124"/>
  <testcase name="Given User is navigated to Adidas webpage" classname="Scenario: Product Shopping-End to end" time="0">
    <system-err><![CDATA[Starting ChromeDriver 89.0.4389.23 (61b08ee2c50024bab004e48d2b1b083cdbdac579-refs/branch-heads/4389@{#294}) on port 24975
Only local connections are allowed.
Please see https://chromedriver.chromium.org/security-considerations for suggestions on keeping ChromeDriver safe.
ChromeDriver was started successfully.
[1621265536.096][WARNING]: Deprecated chrome option is ignored: useAutomationExtension
[1621265537.518][WARNING]: This version of ChromeDriver has not been tested with Chrome version 90.
]]></system-err>
  </testcase>
  <testcase name="When Click on the running link" classname="Scenario: Product Shopping-End to end" time="0"/>
  <testcase name="Then User Clicks on the first product" classname="Scenario: Product Shopping-End to end" time="0">
    <system-out><![CDATA[2021-05-17 17:32:39,563 [main] INFO  (com.automation.test.StepDefinition:106:user_Clicks_on_the_first_product) - Check if the selector is clicked ULTRABOOST 21 SHOES
]]></system-out>
  </testcase>
  <testcase name="And User is navigated to Product Page" classname="Scenario: Product Shopping-End to end" time="0"/>
  <testcase name="Then User Clicks on the Shoe Size" classname="Scenario: Product Shopping-End to end" time="0.007">
    <error message="Index 0 out of bounds for length 0" type="java.lang.IndexOutOfBoundsException"><![CDATA[java.lang.IndexOutOfBoundsException: Index 0 out of bounds for length 0
]]></error>
  </testcase>
  <testcase name="" classname="Scenario: Product Shopping-End to end" time="0.008">
    <error message="Index 0 out of bounds for length 0" type="java.lang.IndexOutOfBoundsException"><![CDATA[java.lang.IndexOutOfBoundsException: Index 0 out of bounds for length 0
]]></error>
  </testcase>
  <testcase name="And User Adds the item to the Bag 2 times" classname="Scenario: Product Shopping-End to end" time="0">
    <skipped/>
  </testcase>
  <testcase name="When Customers Bag is properly populated" classname="Scenario: Product Shopping-End to end" time="0">
    <skipped/>
  </testcase>
  <testcase name="Then Click to check the Your Bag page" classname="Scenario: Product Shopping-End to end" time="0">
    <skipped/>
  </testcase>
  <testcase name="When Customer checks out" classname="Scenario: Product Shopping-End to end" time="0">
    <skipped/>
  </testcase>
  <testcase name="Then Verify if Customer is on Delivery page" classname="Scenario: Product Shopping-End to end" time="0">
    <skipped/>
  </testcase>
  <testcase name="Then Customer selects From A Collection Point" classname="Scenario: Product Shopping-End to end" time="0">
    <skipped/>
  </testcase>
  <testcase name="And Enter location as &quot;London&quot;" classname="Scenario: Product Shopping-End to end" time="0">
    <skipped/>
  </testcase>
  <testcase name="And Verify the correct collection points is selected" classname="Scenario: Product Shopping-End to end" time="0">
    <skipped/>
  </testcase>
  <testcase name="Given User is on the desired page" classname="Scenario: Dropdown Selection" time="0">
    <system-err><![CDATA[Starting ChromeDriver 89.0.4389.23 (61b08ee2c50024bab004e48d2b1b083cdbdac579-refs/branch-heads/4389@{#294}) on port 33349
Only local connections are allowed.
Please see https://chromedriver.chromium.org/security-considerations for suggestions on keeping ChromeDriver safe.
ChromeDriver was started successfully.
[1621265573.350][WARNING]: Deprecated chrome option is ignored: useAutomationExtension
[1621265574.736][WARNING]: This version of ChromeDriver has not been tested with Chrome version 90.
]]></system-err>
  </testcase>
  <testcase name="Then click on the link &quot;Dropdown&quot;" classname="Scenario: Dropdown Selection" time="0"/>
  <testcase name="Then select dropdown field value" classname="Scenario: Dropdown Selection" time="0"/>
  <testcase name="And pass the value as &quot;Option 2&quot;" classname="Scenario: Dropdown Selection" time="0"/>
  <testcase name="" classname="Scenario: Dropdown Selection" time="2.213"/>
  <testcase name="Given User is on the desired page" classname="Scenario: Checkbox Selection" time="0">
    <system-err><![CDATA[Starting ChromeDriver 89.0.4389.23 (61b08ee2c50024bab004e48d2b1b083cdbdac579-refs/branch-heads/4389@{#294}) on port 20276
Only local connections are allowed.
Please see https://chromedriver.chromium.org/security-considerations for suggestions on keeping ChromeDriver safe.
ChromeDriver was started successfully.
[1621265582.683][WARNING]: Deprecated chrome option is ignored: useAutomationExtension
[1621265584.125][WARNING]: This version of ChromeDriver has not been tested with Chrome version 90.
]]></system-err>
  </testcase>
  <testcase name="Then click on the link &quot;Checkboxes&quot;" classname="Scenario: Checkbox Selection" time="0"/>
  <testcase name="" classname="Scenario: Checkbox Selection" time="2.152"/>
  <testcase name="Given User is on the desired page" classname="Scenario: AddDelete Button" time="0">
    <system-err><![CDATA[Starting ChromeDriver 89.0.4389.23 (61b08ee2c50024bab004e48d2b1b083cdbdac579-refs/branch-heads/4389@{#294}) on port 42998
Only local connections are allowed.
Please see https://chromedriver.chromium.org/security-considerations for suggestions on keeping ChromeDriver safe.
ChromeDriver was started successfully.
[1621265591.620][WARNING]: Deprecated chrome option is ignored: useAutomationExtension
[1621265592.843][WARNING]: This version of ChromeDriver has not been tested with Chrome version 90.
]]></system-err>
  </testcase>
  <testcase name="Then click on the link &quot;Add/Remove Elements&quot;" classname="Scenario: AddDelete Button" time="0"/>
  <testcase name="Then Add Element 3 times" classname="Scenario: AddDelete Button" time="0"/>
  <testcase name="And Check the Delete button count" classname="Scenario: AddDelete Button" time="0"/>
  <testcase name="" classname="Scenario: AddDelete Button" time="1.798"/>
</testsuite>